0 0.000000 0.000000 0.000000 
1 179.400009 168.320068 168.320068 
2 179.400009 168.320068 168.320068 
3 171.120010 168.320068 168.320068 
4 171.120010 168.320068 168.320068 
5 94.760002 168.320068 168.320068 
6 94.760002 168.320068 168.320068 
7 143.520004 168.320068 168.320068 
8 143.520004 168.320068 168.320068 
9 161.000000 168.320068 168.320068 
10 206.080002 168.320068 168.320068 
11 206.080002 168.320068 168.320068 
12 104.880005 168.320068 168.320068 
13 104.880005 168.320068 168.320068 
14 77.279999 168.320068 168.320068 
15 77.279999 168.320068 168.320068 
16 103.040001 168.320068 168.320068 
17 103.040001 168.320068 168.320068 
18 103.040001 168.320068 168.320068 
19 150.880005 168.320068 168.320068 
20 150.880005 168.320068 168.320068 
21 115.000000 168.320068 168.320068 
22 115.000000 168.320068 168.320068 
23 123.279999 168.320068 168.320068 
24 123.279999 168.320068 168.320068 
25 62.560001 168.320068 168.320068 
26 62.560001 168.320068 168.320068 
27 178.479996 168.320068 168.320068 
28 155.479996 168.320068 168.320068 
29 155.479996 168.320068 168.320068 
30 100.279999 168.320068 168.320068 
31 100.279999 168.320068 168.320068 
32 23.000000 168.320068 168.320068 
33 23.000000 168.320068 168.320068 
34 72.680000 168.320068 168.320068 
35 72.680000 168.320068 168.320068 
36 72.680000 168.320068 168.320068 
37 166.520004 168.320068 168.320068 
38 166.520004 168.320068 168.320068 
39 61.639999 168.320068 168.320068 
40 61.639999 168.320068 168.320068 
41 104.880005 168.320068 168.320068 
42 104.880005 168.320068 168.320068 
43 138.000000 168.320068 168.320068 
44 172.040009 168.320068 168.320068 
45 172.040009 168.320068 168.320068 
46 165.600006 168.320068 168.320068 
47 165.600006 168.320068 168.320068 
48 92.000000 168.320068 168.320068 
49 92.000000 168.320068 168.320068 
50 69.919998 168.320068 168.320068 
51 69.919998 168.320068 168.320068 
52 175.720001 168.320068 168.320068 
53 179.400009 168.320068 168.320068 
54 179.400009 168.320068 168.320068 
55 124.200005 168.320068 168.320068 
56 124.200005 168.320068 168.320068 
57 135.240005 168.320068 168.320068 
58 135.240005 168.320068 168.320068 
59 18.400000 168.320068 168.320068 
60 18.400000 168.320068 168.320068 
61 18.400000 168.320068 168.320068 
62 138.919998 168.320068 168.320068 
63 138.919998 168.320068 168.320068 
64 80.040001 168.320068 168.320068 
65 80.040001 168.320068 168.320068 
66 28.520000 168.320068 168.320068 
67 28.520000 168.320068 168.320068 
68 40.480000 168.320068 168.320068 
69 40.480000 168.320068 168.320068 
70 170.199997 168.320068 168.320068 
71 161.919998 168.320068 168.320068 
72 161.919998 168.320068 168.320068 
73 58.880001 168.320068 168.320068 
74 58.880001 168.320068 168.320068 
75 104.880005 168.320068 168.320068 
76 104.880005 168.320068 168.320068 
77 89.239998 168.320068 168.320068 
78 89.239998 168.320068 168.320068 
79 89.239998 168.320068 168.320068 
80 138.919998 168.320068 168.320068 
81 138.919998 168.320068 168.320068 
82 51.520000 168.320068 168.320068 
83 51.520000 168.320068 168.320068 
84 102.120003 168.320068 168.320068 
85 102.120003 168.320068 168.320068 
86 46.000000 168.320068 168.320068 
87 146.279999 168.320068 168.320068 
88 146.279999 168.320068 168.320068 
89 169.279999 168.320068 168.320068 
90 169.279999 168.320068 168.320068 
91 107.639999 168.320068 168.320068 
92 107.639999 168.320068 168.320068 
93 16.559999 168.320068 168.320068 
94 16.559999 168.320068 168.320068 
95 183.080002 168.320068 168.320068 
96 153.639999 168.320068 168.320068 
97 153.639999 168.320068 168.320068 
98 192.279999 168.320068 168.320068 
99 192.279999 168.320068 168.320068 
100 92.000000 168.320068 168.320068 
101 92.000000 168.320068 168.320068 
102 132.479996 168.320068 168.320068 
103 132.479996 168.320068 168.320068 
104 207.919998 168.320068 168.320068 
105 187.680008 168.320068 168.320068 
106 187.680008 168.320068 168.320068 
107 113.160004 168.320068 168.320068 
108 113.160004 168.320068 168.320068 
109 129.720001 168.320068 168.320068 
110 129.720001 168.320068 168.320068 
111 57.040001 168.320068 168.320068 
112 57.040001 168.320068 168.320068 
113 200.559998 168.320068 168.320068 
114 159.160004 168.320068 168.320068 
115 159.160004 168.320068 168.320068 
116 119.599998 168.320068 168.320068 
117 119.599998 168.320068 168.320068 
118 35.880001 168.320068 168.320068 
119 35.880001 168.320068 168.320068 
120 37.720001 168.320068 168.320068 
121 37.720001 168.320068 168.320068 
122 37.720001 168.320068 168.320068 
123 213.440002 168.320068 168.320068 
124 213.440002 168.320068 168.320068 
125 38.639999 168.320068 168.320068 
126 38.639999 168.320068 168.320068 
127 57.040001 168.320068 168.320068 
128 57.040001 168.320068 168.320068 
129 102.120003 168.320068 168.320068 
130 169.279999 168.320068 168.320068 
131 169.279999 168.320068 168.320068 
132 163.760010 168.320068 168.320068 
133 163.760010 168.320068 168.320068 
134 52.440002 168.320068 168.320068 
135 52.440002 168.320068 168.320068 
136 105.800003 168.320068 168.320068 
137 105.800003 168.320068 168.320068 
138 63.480000 168.320068 168.320068 
139 175.720001 168.320068 168.320068 
140 175.720001 168.320068 168.320068 
141 86.480003 168.320068 168.320068 
142 86.480003 168.320068 168.320068 
143 100.279999 168.320068 168.320068 
144 100.279999 168.320068 168.320068 
145 144.440002 168.320068 168.320068 
146 144.440002 168.320068 168.320068 
147 193.199997 168.320068 168.320068 
148 170.199997 168.320068 168.320068 
149 170.199997 168.320068 168.320068 
150 124.200005 168.320068 168.320068 
151 124.200005 168.320068 168.320068 
152 146.279999 168.320068 168.320068 
153 146.279999 168.320068 168.320068 
154 53.360001 168.320068 168.320068 
155 53.360001 168.320068 168.320068 
156 173.880005 168.320068 168.320068 
157 192.279999 168.320068 168.320068 
158 192.279999 168.320068 168.320068 
159 161.919998 168.320068 168.320068 
160 161.919998 168.320068 168.320068 
161 97.520004 168.320068 168.320068 
162 97.520004 168.320068 168.320068 
163 107.639999 168.320068 168.320068 
164 107.639999 168.320068 168.320068 
165 107.639999 168.320068 168.320068 
166 168.360001 168.320068 168.320068 
167 168.360001 168.320068 168.320068 
168 80.040001 168.320068 168.320068 
169 80.040001 168.320068 168.320068 
170 66.239998 168.320068 168.320068 
171 66.239998 168.320068 168.320068 
172 118.680000 168.320068 168.320068 
173 195.960007 168.320068 168.320068 
174 195.960007 168.320068 168.320068 
175 198.720001 168.320068 168.320068 
176 198.720001 168.320068 168.320068 
177 129.720001 168.320068 168.320068 
178 129.720001 168.320068 168.320068 
179 124.200005 168.320068 168.320068 
180 124.200005 168.320068 168.320068 
181 88.320000 168.320068 168.320068 
182 238.279999 168.320068 168.320068 
183 238.279999 168.320068 168.320068 
184 101.200005 168.320068 168.320068 
185 101.200005 168.320068 168.320068 
186 142.600006 168.320068 168.320068 
187 142.600006 168.320068 168.320068 
188 137.080002 168.320068 168.320068 
189 137.080002 168.320068 168.320068 
190 207.919998 168.320068 168.320068 
191 166.520004 168.320068 168.320068 
192 166.520004 168.320068 168.320068 
193 143.520004 168.320068 168.320068 
194 143.520004 168.320068 168.320068 
195 72.680000 168.320068 168.320068 
196 72.680000 168.320068 168.320068 
197 57.960003 168.320068 168.320068 
198 57.960003 168.320068 168.320068 
199 195.960007 168.320068 168.320068 
200 207.000000 168.320068 168.320068 
201 207.000000 168.320068 168.320068 
202 173.880005 168.320068 168.320068 
203 173.880005 168.320068 168.320068 
204 81.880005 168.320068 168.320068 
205 81.880005 168.320068 168.320068 
206 80.040001 168.320068 168.320068 
207 80.040001 168.320068 168.320068 
208 80.040001 168.320068 168.320068 
209 178.479996 168.320068 168.320068 
210 178.479996 168.320068 168.320068 
211 43.240002 168.320068 168.320068 
212 43.240002 168.320068 168.320068 
213 74.520004 168.320068 168.320068 
214 74.520004 168.320068 168.320068 
215 129.720001 168.320068 168.320068 
216 219.880005 168.320068 168.320068 
217 219.880005 168.320068 168.320068 
218 170.199997 168.320068 168.320068 
219 170.199997 168.320068 168.320068 
220 95.680000 168.320068 168.320068 
221 95.680000 168.320068 168.320068 
222 144.440002 168.320068 168.320068 
223 144.440002 168.320068 168.320068 
224 106.720001 168.320068 168.320068 
225 197.800003 168.320068 168.320068 
226 197.800003 168.320068 168.320068 
227 182.160004 168.320068 168.320068 
228 182.160004 168.320068 168.320068 
229 103.959999 168.320068 168.320068 
230 103.959999 168.320068 168.320068 
231 179.400009 168.320068 168.320068 
232 179.400009 168.320068 168.320068 
233 234.600006 168.320068 168.320068 
234 230.919998 168.320068 168.320068 
235 230.919998 168.320068 168.320068 
236 90.160004 168.320068 168.320068 
237 90.160004 168.320068 168.320068 
238 139.839996 168.320068 168.320068 
239 139.839996 168.320068 168.320068 
240 132.479996 168.320068 168.320068 
241 132.479996 168.320068 168.320068 
242 242.880005 168.320068 168.320068 
243 194.120010 168.320068 168.320068 
244 194.120010 168.320068 168.320068 
245 68.080002 168.320068 168.320068 
246 68.080002 168.320068 168.320068 
247 113.160004 168.320068 168.320068 
248 113.160004 168.320068 168.320068 
249 154.559998 168.320068 168.320068 
250 154.559998 168.320068 168.320068 
251 154.559998 168.320068 168.320068 
252 194.120010 168.320068 168.320068 
253 194.120010 168.320068 168.320068 
254 125.120003 168.320068 168.320068 
255 125.120003 168.320068 168.320068 
256 111.320000 168.320068 168.320068 
257 111.320000 168.320068 168.320068 
258 183.080002 168.320068 168.320068 
259 198.720001 168.320068 168.320068 
260 198.720001 168.320068 168.320068 
261 242.880005 168.320068 168.320068 
262 242.880005 168.320068 168.320068 
263 78.200005 168.320068 168.320068 
264 78.200005 168.320068 168.320068 
265 163.760010 168.320068 168.320068 
266 163.760010 168.320068 168.320068 
267 199.639999 168.320068 168.320068 
268 241.040009 168.320068 168.320068 
269 241.040009 168.320068 168.320068 
270 184.000000 168.320068 168.320068 
271 184.000000 168.320068 168.320068 
272 131.559998 168.320068 168.320068 
273 131.559998 168.320068 168.320068 
274 143.520004 168.320068 168.320068 
275 143.520004 168.320068 168.320068 
276 143.520004 168.320068 168.320068 
277 230.000000 168.320068 168.320068 
278 230.000000 168.320068 168.320068 
279 57.040001 168.320068 168.320068 
280 57.040001 168.320068 168.320068 
281 98.440002 168.320068 168.320068 
282 98.440002 168.320068 168.320068 
283 152.720001 168.320068 168.320068 
284 152.720001 168.320068 168.320068 
285 238.279999 168.320068 168.320068 
286 221.720001 168.320068 168.320068 
287 221.720001 168.320068 168.320068 
288 92.919998 168.320068 168.320068 
289 92.919998 168.320068 168.320068 
290 192.279999 168.320068 168.320068 
291 192.279999 168.320068 168.320068 
292 123.279999 168.320068 168.320068 
293 123.279999 168.320068 168.320068 
294 206.080002 168.320068 168.320068 
295 226.320007 168.320068 168.320068 
296 226.320007 168.320068 168.320068 
297 142.600006 168.320068 168.320068 
298 142.600006 168.320068 168.320068 
299 155.479996 168.320068 168.320068 
300 155.479996 168.320068 168.320068 
301 56.120003 168.320068 168.320068 
302 195.040009 168.320068 168.320068 
303 195.040009 168.320068 168.320068 
304 253.919998 168.320068 168.320068 
305 253.919998 168.320068 168.320068 
306 123.279999 168.320068 168.320068 
307 123.279999 168.320068 168.320068 
308 80.959999 168.320068 168.320068 
309 80.959999 168.320068 168.320068 
310 235.520004 168.320068 168.320068 
311 202.400009 168.320068 168.320068 
312 202.400009 168.320068 168.320068 
313 257.600006 168.320068 168.320068 
314 257.600006 168.320068 168.320068 
315 139.839996 168.320068 168.320068 
316 139.839996 168.320068 168.320068 
317 149.960007 168.320068 168.320068 
318 149.960007 168.320068 168.320068 
319 149.960007 168.320068 168.320068 
320 253.000000 168.320068 168.320068 
321 253.000000 168.320068 168.320068 
322 119.599998 168.320068 168.320068 
323 119.599998 168.320068 168.320068 
324 161.919998 168.320068 168.320068 
325 161.919998 168.320068 168.320068 
326 157.320007 168.320068 168.320068 
327 157.320007 168.320068 168.320068 
328 235.520004 168.320068 168.320068 
329 207.919998 168.320068 168.320068 
330 207.919998 168.320068 168.320068 
331 204.240005 168.320068 168.320068 
332 204.240005 168.320068 168.320068 
333 161.000000 168.320068 168.320068 
334 161.000000 168.320068 168.320068 
335 117.760002 168.320068 168.320068 
336 117.760002 168.320068 168.320068 
337 209.760010 168.320068 168.320068 
338 261.279999 168.320068 168.320068 
339 261.279999 168.320068 168.320068 
340 194.120010 168.320068 168.320068 
341 194.120010 168.320068 168.320068 
342 124.200005 168.320068 168.320068 
343 124.200005 168.320068 168.320068 
344 84.639999 168.320068 168.320068 
345 252.080002 168.320068 168.320068 
346 252.080002 168.320068 168.320068 
347 257.600006 168.320068 168.320068 
348 257.600006 168.320068 168.320068 
349 142.600006 168.320068 168.320068 
350 142.600006 168.320068 168.320068 
351 152.720001 168.320068 168.320068 
352 152.720001 168.320068 168.320068 
353 190.440002 168.320068 168.320068 
354 253.919998 168.320068 168.320068 
355 253.919998 168.320068 168.320068 
356 178.479996 168.320068 168.320068 
357 178.479996 168.320068 168.320068 
358 204.240005 168.320068 168.320068 
359 204.240005 168.320068 168.320068 
360 118.680000 168.320068 168.320068 
361 118.680000 168.320068 168.320068 
362 118.680000 168.320068 168.320068 
363 256.679993 168.320068 168.320068 
364 256.679993 168.320068 168.320068 
365 205.160004 168.320068 168.320068 
366 205.160004 168.320068 168.320068 
367 151.800003 168.320068 168.320068 
368 151.800003 168.320068 168.320068 
369 158.240005 168.320068 168.320068 
370 158.240005 168.320068 168.320068 
371 251.160004 168.320068 168.320068 
372 255.760010 168.320068 168.320068 
373 255.760010 168.320068 168.320068 
374 154.559998 168.320068 168.320068 
375 154.559998 168.320068 168.320068 
376 156.400009 168.320068 168.320068 
377 156.400009 168.320068 168.320068 
378 206.080002 168.320068 168.320068 
379 206.080002 168.320068 168.320068 
380 206.080002 168.320068 168.320068 
381 214.360001 168.320068 168.320068 
382 214.360001 168.320068 168.320068 
383 99.360001 168.320068 168.320068 
384 99.360001 168.320068 168.320068 
385 181.240005 168.320068 168.320068 
386 181.240005 168.320068 168.320068 
387 208.839996 168.320068 168.320068 
388 231.840012 168.320068 168.320068 
389 231.840012 168.320068 168.320068 
390 213.440002 168.320068 168.320068 
391 213.440002 168.320068 168.320068 
392 210.680008 168.320068 168.320068 
393 210.680008 168.320068 168.320068 
394 175.720001 168.320068 168.320068 
395 175.720001 168.320068 168.320068 
396 219.880005 168.320068 168.320068 
397 254.840012 168.320068 168.320068 
398 254.840012 168.320068 168.320068 
399 165.600006 168.320068 168.320068 
400 165.600006 168.320068 168.320068 
401 149.960007 168.320068 168.320068 
402 149.960007 168.320068 168.320068 
403 91.080002 168.320068 168.320068 
404 91.080002 168.320068 168.320068 
405 91.080002 168.320068 168.320068 
406 265.880005 168.320068 168.320068 
407 265.880005 168.320068 168.320068 
408 189.520004 168.320068 168.320068 
409 189.520004 168.320068 168.320068 
410 146.279999 168.320068 168.320068 
411 146.279999 168.320068 168.320068 
412 135.240005 168.320068 168.320068 
413 135.240005 168.320068 168.320068 
414 259.440002 168.320068 168.320068 
415 231.840012 168.320068 168.320068 
416 231.840012 168.320068 168.320068 
417 153.639999 168.320068 168.320068 
418 153.639999 168.320068 168.320068 
419 115.000000 168.320068 168.320068 
420 115.000000 168.320068 168.320068 
421 178.479996 168.320068 168.320068 
422 178.479996 168.320068 168.320068 
423 178.479996 168.320068 168.320068 
424 215.279999 168.320068 168.320068 
425 215.279999 168.320068 168.320068 
426 167.440002 168.320068 168.320068 
427 167.440002 168.320068 168.320068 
428 173.880005 168.320068 168.320068 
429 173.880005 168.320068 168.320068 
430 146.279999 168.320068 168.320068 
431 215.279999 168.320068 168.320068 
432 215.279999 168.320068 168.320068 
433 268.640015 168.320068 168.320068 
434 268.640015 168.320068 168.320068 
435 184.000000 168.320068 168.320068 
436 184.000000 168.320068 168.320068 
437 182.160004 168.320068 168.320068 
438 182.160004 168.320068 168.320068 
439 230.000000 168.320068 168.320068 
440 260.360016 168.320068 168.320068 
441 260.360016 168.320068 168.320068 
442 184.919998 168.320068 168.320068 
443 184.919998 168.320068 168.320068 
444 207.919998 168.320068 168.320068 
445 207.919998 168.320068 168.320068 
446 164.680008 168.320068 168.320068 
447 164.680008 168.320068 168.320068 
448 164.680008 168.320068 168.320068 
449 238.279999 168.320068 168.320068 
450 238.279999 168.320068 168.320068 
451 167.440002 168.320068 168.320068 
452 167.440002 168.320068 168.320068 
453 166.520004 168.320068 168.320068 
454 166.520004 168.320068 168.320068 
455 147.199997 168.320068 168.320068 
456 147.199997 168.320068 168.320068 
457 268.640015 168.320068 168.320068 
458 281.520020 168.320068 168.320068 
459 281.520020 168.320068 168.320068 
460 174.800003 168.320068 168.320068 
461 174.800003 168.320068 168.320068 
462 170.199997 168.320068 168.320068 
463 170.199997 168.320068 168.320068 
464 201.480011 168.320068 168.320068 
465 201.480011 168.320068 168.320068 
466 201.480011 168.320068 168.320068 
467 276.000000 168.320068 168.320068 
468 276.000000 168.320068 168.320068 
469 176.639999 168.320068 168.320068 
470 176.639999 168.320068 168.320068 
471 206.080002 168.320068 168.320068 
472 206.080002 168.320068 168.320068 
473 200.559998 168.320068 168.320068 
474 269.559998 168.320068 168.320068 
475 269.559998 168.320068 168.320068 
476 297.160004 168.320068 168.320068 
477 297.160004 168.320068 168.320068 
478 205.160004 168.320068 168.320068 
479 205.160004 168.320068 168.320068 
480 86.480003 168.320068 168.320068 
481 86.480003 168.320068 168.320068 
482 253.919998 168.320068 168.320068 
483 271.399994 168.320068 168.320068 
484 271.399994 168.320068 168.320068 
485 265.880005 168.320068 168.320068 
486 265.880005 168.320068 168.320068 
487 97.520004 168.320068 168.320068 
488 97.520004 168.320068 168.320068 
489 117.760002 168.320068 168.320068 
490 117.760002 168.320068 168.320068 
491 117.760002 168.320068 168.320068 
492 251.160004 168.320068 168.320068 
493 251.160004 168.320068 168.320068 
494 94.760002 168.320068 168.320068 
495 94.760002 168.320068 168.320068 
496 133.400009 55.640015 168.320068 
497 133.400009 55.640015 168.320068 
498 186.760010 168.320068 168.320068 
499 186.760010 168.320068 168.320068 
500 275.080017 168.320068 168.320068 
501 230.919998 168.320068 168.320068 
502 230.919998 168.320068 168.320068 
503 134.320007 39.080078 168.320068 
504 134.320007 39.080078 168.320068 
505 189.520004 168.320068 168.320068 
506 189.520004 168.320068 168.320068 
507 158.240005 168.320068 168.320068 
508 158.240005 168.320068 168.320068 
509 158.240005 168.320068 168.320068 
510 282.440002 168.320068 168.320068 
511 282.440002 168.320068 168.320068 
512 226.320007 168.320068 168.320068 
513 226.320007 168.320068 168.320068 
514 161.919998 168.320068 168.320068 
515 161.919998 168.320068 168.320068 
516 67.160004 71.280029 168.320068 
517 276.920013 168.320068 168.320068 
518 276.920013 168.320068 168.320068 
519 287.040009 168.320068 168.320068 
520 287.040009 168.320068 168.320068 
521 169.279999 168.320068 168.320068 
522 169.279999 168.320068 168.320068 
523 162.839996 168.320068 168.320068 
524 162.839996 168.320068 168.320068 
525 234.600006 168.320068 168.320068 
526 284.279999 168.320068 168.320068 
527 284.279999 168.320068 168.320068 
528 263.119995 168.320068 168.320068 
529 263.119995 168.320068 168.320068 
530 178.479996 53.800049 168.320068 
531 178.479996 53.800049 168.320068 
532 243.800003 168.320068 168.320068 
533 243.800003 168.320068 168.320068 
534 243.800003 168.320068 168.320068 
535 228.160004 168.320068 168.320068 
536 228.160004 168.320068 168.320068 
537 182.160004 168.320068 168.320068 
538 182.160004 168.320068 168.320068 
539 219.880005 168.320068 168.320068 
540 219.880005 168.320068 168.320068 
541 172.040009 168.320068 168.320068 
542 172.040009 168.320068 168.320068 
543 276.000000 168.320068 168.320068 
544 262.200012 168.320068 168.320068 
545 262.200012 168.320068 168.320068 
546 155.479996 51.960083 168.320068 
547 155.479996 51.960083 168.320068 
548 177.559998 168.320068 168.320068 
549 177.559998 168.320068 168.320068 
550 141.680008 168.320068 168.320068 
551 141.680008 168.320068 168.320068 
552 141.680008 168.320068 168.320068 
553 291.640015 168.320068 168.320068 
554 291.640015 168.320068 168.320068 
555 226.320007 168.320068 168.320068 
556 226.320007 168.320068 168.320068 
557 169.279999 168.320068 168.320068 
558 169.279999 168.320068 168.320068 
559 167.440002 64.840088 168.320068 
560 286.119995 168.320068 168.320068 
561 286.119995 168.320068 168.320068 
562 299.000000 168.320068 168.320068 
563 299.000000 168.320068 168.320068 
564 166.520004 168.320068 168.320068 
565 166.520004 168.320068 168.320068 
566 187.680008 168.320068 168.320068 
567 187.680008 168.320068 168.320068 
568 279.679993 168.320068 168.320068 
569 285.200012 168.320068 168.320068 
570 285.200012 168.320068 168.320068 
571 255.760010 168.320068 168.320068 
572 255.760010 168.320068 168.320068 
573 207.000000 55.640015 168.320068 
574 207.000000 55.640015 168.320068 
575 216.199997 168.320068 168.320068 
576 216.199997 168.320068 168.320068 
577 216.199997 168.320068 168.320068 
578 282.440002 168.320068 168.320068 
579 282.440002 168.320068 168.320068 
580 172.960007 168.320068 168.320068 
581 172.960007 168.320068 168.320068 
582 187.680008 168.320068 168.320068 
583 187.680008 168.320068 168.320068 
584 161.000000 53.800049 168.320068 
585 161.000000 53.800049 168.320068 
586 287.040009 168.320068 168.320068 
587 293.480011 168.320068 168.320068 
588 293.480011 168.320068 168.320068 
589 241.040009 168.320068 168.320068 
590 241.040009 168.320068 168.320068 
591 170.199997 168.320068 168.320068 
592 170.199997 168.320068 168.320068 
593 232.760010 168.320068 168.320068 
594 232.760010 168.320068 168.320068 
595 232.760010 168.320068 168.320068 
596 260.360016 168.320068 168.320068 
597 260.360016 168.320068 168.320068 
598 142.600006 63.000000 168.320068 
599 142.600006 63.000000 168.320068 
600 195.960007 168.320068 168.320068 
601 195.960007 168.320068 168.320068 
602 202.400009 168.320068 168.320068 
603 291.640015 168.320068 168.320068 
604 291.640015 168.320068 168.320068 
605 295.320007 168.320068 168.320068 
606 295.320007 168.320068 168.320068 
607 239.199997 168.320068 168.320068 
608 239.199997 168.320068 168.320068 
609 137.080002 168.320068 168.320068 
610 137.080002 168.320068 168.320068 
611 232.760010 51.040039 168.320068 
612 299.000000 168.320068 168.320068 
613 299.000000 168.320068 168.320068 
614 298.080017 168.320068 168.320068 
615 298.080017 168.320068 168.320068 
616 172.040009 168.320068 168.320068 
617 172.040009 168.320068 168.320068 
618 118.680000 31.720093 168.320068 
619 118.680000 31.720093 168.320068 
620 273.239990 168.320068 168.320068 
621 297.160004 168.320068 168.320068 
622 297.160004 168.320068 168.320068 
623 160.080002 168.320068 168.320068 
624 160.080002 168.320068 168.320068 
625 127.880005 36.320068 168.320068 
626 127.880005 36.320068 168.320068 
627 192.279999 168.320068 168.320068 
628 192.279999 168.320068 168.320068 
629 293.480011 168.320068 168.320068 
630 280.600006 168.320068 168.320068 
631 280.600006 168.320068 168.320068 
632 144.440002 44.599976 168.320068 
633 144.440002 44.599976 168.320068 
634 201.480011 14.239990 168.320068 
635 201.480011 14.239990 168.320068 
636 138.000000 57.479980 168.320068 
637 138.000000 57.479980 168.320068 
638 138.000000 57.479980 168.320068 
639 308.200012 168.320068 168.320068 
640 308.200012 168.320068 168.320068 
641 247.480011 168.320068 168.320068 
642 247.480011 168.320068 168.320068 
643 187.680008 62.080078 168.320068 
644 187.680008 62.080078 168.320068 
645 172.040009 41.840088 168.320068 
646 302.679993 168.320068 168.320068 
647 302.679993 168.320068 168.320068 
648 306.360016 168.320068 168.320068 
649 306.360016 168.320068 168.320068 
650 184.000000 62.080078 168.320068 
651 184.000000 62.080078 168.320068 
652 205.160004 39.080078 168.320068 
653 205.160004 39.080078 168.320068 
654 257.600006 168.320068 168.320068 
655 304.520020 168.320068 168.320068 
656 304.520020 168.320068 168.320068 
657 333.959991 168.320068 168.320068 
658 333.959991 168.320068 168.320068 
659 205.160004 44.599976 168.320068 
660 205.160004 44.599976 168.320068 
661 237.360001 168.320068 168.320068 
662 237.360001 168.320068 168.320068 
663 289.800018 168.320068 168.320068 
664 308.200012 168.320068 168.320068 
665 308.200012 168.320068 168.320068 
666 199.639999 60.239990 168.320068 
667 199.639999 60.239990 168.320068 
668 253.000000 42.760010 168.320068 
669 253.000000 42.760010 168.320068 
670 179.400009 168.320068 168.320068 
671 179.400009 168.320068 168.320068 
672 179.400009 168.320068 168.320068 
673 312.800018 168.320068 168.320068 
674 312.800018 168.320068 168.320068 
675 246.559998 168.320068 168.320068 
676 246.559998 168.320068 168.320068 
677 229.080002 168.320068 168.320068 
678 229.080002 168.320068 168.320068 
679 138.919998 57.479980 168.320068 
680 138.919998 57.479980 168.320068 
681 138.919998 57.479980 168.320068 
682 317.399994 168.320068 168.320068 
683 317.399994 168.320068 168.320068 
684 262.200012 46.440063 168.320068 
685 262.200012 46.440063 168.320068 
686 167.440002 168.320068 168.320068 
687 167.440002 168.320068 168.320068 
688 120.520004 36.320068 168.320068 
689 315.559998 168.320068 168.320068 
690 315.559998 168.320068 168.320068 
691 324.760010 168.320068 168.320068 
692 324.760010 168.320068 168.320068 
693 225.400009 168.320068 168.320068 
694 225.400009 168.320068 168.320068 
695 230.000000 42.760010 168.320068 
696 230.000000 42.760010 168.320068 
697 280.600006 168.320068 168.320068 
698 264.959991 168.320068 168.320068 
699 264.959991 168.320068 168.320068 
700 344.080017 168.320068 168.320068 
701 344.080017 168.320068 168.320068 
702 222.639999 46.440063 168.320068 
703 222.639999 46.440063 168.320068 
704 222.639999 168.320068 168.320068 
705 222.639999 168.320068 168.320068 
706 254.840012 168.320068 168.320068 
707 326.600006 168.320068 168.320068 
708 326.600006 168.320068 168.320068 
709 237.360001 41.840088 168.320068 
710 237.360001 41.840088 168.320068 
711 244.720001 168.320068 168.320068 
712 244.720001 168.320068 168.320068 
713 141.680008 43.680054 168.320068 
714 141.680008 43.680054 168.320068 
715 141.680008 43.680054 168.320068 
716 328.440002 168.320068 168.320068 
717 328.440002 168.320068 168.320068 
718 241.960007 47.359985 168.320068 
719 241.960007 47.359985 168.320068 
720 210.680008 29.880005 168.320068 
721 210.680008 29.880005 168.320068 
722 264.040009 26.200073 168.320068 
723 264.040009 26.200073 168.320068 
724 264.040009 26.200073 168.320068 
725 285.200012 51.040039 168.320068 
726 285.200012 51.040039 168.320068 
727 226.320007 37.239990 168.320068 
728 226.320007 37.239990 168.320068 
729 249.320007 2.280029 168.320068 
730 249.320007 2.280029 168.320068 
731 254.840012 27.119995 168.320068 
732 317.399994 168.320068 168.320068 
733 317.399994 168.320068 168.320068 
734 298.080017 168.320068 168.320068 
735 298.080017 168.320068 168.320068 
736 215.279999 2.280029 168.320068 
737 215.279999 2.280029 168.320068 
738 223.559998 34.479980 168.320068 
739 223.559998 34.479980 168.320068 
740 226.320007 51.040039 168.320068 
741 317.399994 168.320068 168.320068 
742 317.399994 168.320068 168.320068 
743 319.240021 168.320068 168.320068 
744 319.240021 168.320068 168.320068 
745 208.839996 18.840088 168.320068 
746 208.839996 18.840088 168.320068 
747 235.520004 36.320068 168.320068 
748 235.520004 36.320068 168.320068 
749 326.600006 50.119995 168.320068 
750 300.839996 50.119995 168.320068 
751 300.839996 50.119995 168.320068 
752 249.320007 47.359985 168.320068 
753 249.320007 47.359985 168.320068 
754 250.240005 27.119995 168.320068 
755 250.240005 27.119995 168.320068 
756 248.400009 22.520020 168.320068 
757 248.400009 22.520020 168.320068 
758 248.400009 22.520020 168.320068 
759 345.000000 52.880005 168.320068 
760 345.000000 52.880005 168.320068 
761 199.639999 29.880005 168.320068 
762 199.639999 29.880005 168.320068 
763 246.559998 5.960083 168.320068 
764 246.559998 5.960083 168.320068 
765 253.919998 30.800049 168.320068 
766 253.919998 30.800049 168.320068 
767 253.919998 30.800049 168.320068 
768 323.839996 47.359985 168.320068 
769 323.839996 47.359985 168.320068 
770 281.520020 352.160034 168.320068 
771 281.520020 352.160034 168.320068 
772 230.919998 25.280029 168.320068 
773 230.919998 25.280029 168.320068 
774 191.360001 28.960083 168.320068 
775 337.640015 39.080078 168.320068 
776 337.640015 39.080078 168.320068 
777 2.480011 48.280029 168.320068 
778 2.480011 48.280029 168.320068 
779 228.160004 37.239990 168.320068 
780 228.160004 37.239990 168.320068 
781 202.400009 7.800049 168.320068 
782 202.400009 7.800049 168.320068 
783 327.520020 42.760010 168.320068 
784 356.040009 52.880005 168.320068 
785 356.040009 52.880005 168.320068 
786 336.720001 43.680054 168.320068 
787 336.720001 43.680054 168.320068 
788 224.480011 18.840088 168.320068 
789 224.480011 18.840088 168.320068 
790 318.320007 24.359985 168.320068 
791 318.320007 24.359985 168.320068 
792 316.480011 44.599976 168.320068 
793 17.200012 49.200073 168.320068 
794 17.200012 49.200073 168.320068 
795 256.679993 30.800049 168.320068 
796 256.679993 30.800049 168.320068 
797 284.279999 29.880005 168.320068 
798 284.279999 29.880005 168.320068 
799 212.520004 13.320068 168.320068 
800 212.520004 13.320068 168.320068 
801 212.520004 13.320068 168.320068 
802 346.839996 36.320068 168.320068 
803 346.839996 36.320068 168.320068 
804 266.800018 345.720093 168.320068 
805 266.800018 345.720093 168.320068 
806 289.800018 30.800049 168.320068 
807 289.800018 30.800049 168.320068 
808 209.760010 22.520020 168.320068 
809 209.760010 22.520020 168.320068 
810 209.760010 22.520020 168.320068 
811 12.600006 42.760010 168.320068 
812 12.600006 42.760010 168.320068 
813 248.400009 45.520020 168.320068 
814 248.400009 45.520020 168.320068 
815 209.760010 15.160034 168.320068 
816 209.760010 15.160034 168.320068 
817 319.240021 36.320068 168.320068 
818 339.480011 38.160034 168.320068 
819 339.480011 38.160034 168.320068 
820 324.760010 36.320068 168.320068 
821 324.760010 36.320068 168.320068 
822 271.399994 15.160034 168.320068 
823 271.399994 15.160034 168.320068 
824 299.920013 7.800049 168.320068 
825 299.920013 7.800049 168.320068 
826 247.480011 20.680054 168.320068 
827 8.920013 29.880005 168.320068 
828 8.920013 29.880005 168.320068 
829 25.480011 33.560059 168.320068 
830 25.480011 33.560059 168.320068 
831 269.559998 354.000000 168.320068 
832 269.559998 354.000000 168.320068 
833 264.959991 359.520020 168.320068 
834 264.959991 359.520020 168.320068 
835 346.839996 27.119995 168.320068 
836 20.880005 44.599976 168.320068 
837 20.880005 44.599976 168.320068 
838 293.480011 7.800049 168.320068 
839 293.480011 7.800049 168.320068 
840 259.440002 359.520020 168.320068 
841 259.440002 359.520020 168.320068 
842 267.720001 2.280029 168.320068 
843 267.720001 2.280029 168.320068 
844 267.720001 2.280029 168.320068 
845 28.240021 37.239990 168.320068 
846 28.240021 37.239990 168.320068 
847 325.679993 14.239990 168.320068 
848 325.679993 14.239990 168.320068 
849 280.600006 8.720093 168.320068 
850 280.600006 8.720093 168.320068 
851 299.920013 345.720093 168.320068 
852 299.920013 345.720093 168.320068 
853 299.920013 345.720093 168.320068 
854 31.920013 41.840088 168.320068 
855 31.920013 41.840088 168.320068 
856 281.520020 20.680054 168.320068 
857 281.520020 20.680054 168.320068 
858 333.040009 352.160034 168.320068 
859 333.040009 352.160034 168.320068 
860 326.600006 6.880005 168.320068 
861 31.000000 40.920044 168.320068 
862 31.000000 40.920044 168.320068 
863 32.839996 40.920044 168.320068 
864 32.839996 40.920044 168.320068 
865 322.000000 359.520020 168.320068 
866 322.000000 359.520020 168.320068 
867 330.279999 359.520020 168.320068 
868 330.279999 359.520020 168.320068 
869 282.440002 16.080078 168.320068 
870 42.040009 28.040039 168.320068 
871 42.040009 28.040039 168.320068 
872 58.600006 34.479980 168.320068 
873 58.600006 34.479980 168.320068 
874 358.800018 1.359985 168.320068 
875 358.800018 1.359985 168.320068 
876 305.440002 15.160034 168.320068 
877 305.440002 15.160034 168.320068 
878 46.640015 33.560059 168.320068 
879 43.880005 36.320068 168.320068 
880 43.880005 36.320068 168.320068 
881 1.559998 10.560059 168.320068 
882 1.559998 10.560059 168.320068 
883 315.559998 1.359985 168.320068 
884 315.559998 1.359985 168.320068 
885 263.119995 23.440063 168.320068 
886 263.119995 23.440063 168.320068 
887 263.119995 23.440063 168.320068 
888 38.360016 34.479980 168.320068 
889 38.360016 34.479980 168.320068 
890 300.839996 28.040039 168.320068 
891 300.839996 28.040039 168.320068 
892 237.360001 16.080078 168.320068 
893 237.360001 16.080078 168.320068 
894 286.119995 349.400024 168.320068 
895 286.119995 349.400024 168.320068 
896 286.119995 349.400024 168.320068 
897 19.040009 32.640015 168.320068 
898 19.040009 32.640015 168.320068 
899 296.239990 6.880005 168.320068 
900 296.239990 6.880005 168.320068 
901 305.440002 354.920044 168.320068 
902 305.440002 354.920044 168.320068 
903 304.520020 18.840088 168.320068 
904 12.600006 15.160034 168.320068 
905 12.600006 15.160034 168.320068 
906 54.000000 36.320068 168.320068 
907 54.000000 36.320068 168.320068 
908 277.839996 359.520020 168.320068 
909 277.839996 359.520020 168.320068 
910 322.920013 342.040039 168.320068 
911 322.920013 342.040039 168.320068 
912 282.440002 12.400024 168.320068 
913 53.080017 29.880005 168.320068 
914 53.080017 29.880005 168.320068 
915 50.320007 28.040039 168.320068 
916 50.320007 28.040039 168.320068 
917 2.480011 346.640015 168.320068 
918 2.480011 346.640015 168.320068 
919 304.520020 14.239990 168.320068 
920 304.520020 14.239990 168.320068 
921 24.559998 26.200073 168.320068 
922 67.800018 36.320068 168.320068 
923 67.800018 36.320068 168.320068 
924 340.399994 17.000000 168.320068 
925 340.399994 17.000000 168.320068 
926 262.200012 354.000000 168.320068 
927 262.200012 354.000000 168.320068 
928 318.320007 357.680054 168.320068 
929 318.320007 357.680054 168.320068 
930 318.320007 357.680054 168.320068 
931 16.279999 17.920044 168.320068 
932 16.279999 17.920044 168.320068 
933 308.200012 15.160034 168.320068 
934 308.200012 15.160034 168.320068 
935 300.839996 17.000000 168.320068 
936 300.839996 17.000000 168.320068 
937 328.440002 340.200073 168.320068 
938 328.440002 340.200073 168.320068 
939 328.440002 340.200073 168.320068 
940 38.360016 26.200073 168.320068 
941 38.360016 26.200073 168.320068 
942 279.679993 342.960083 168.320068 
943 279.679993 342.960083 168.320068 
944 14.440002 5.040039 168.320068 
945 14.440002 5.040039 168.320068 
946 6.160004 25.280029 168.320068 
947 34.679993 20.680054 168.320068 
948 34.679993 20.680054 168.320068 
949 19.040009 17.000000 168.320068 
950 19.040009 17.000000 168.320068 
951 19.040009 349.400024 168.320068 
952 19.040009 349.400024 168.320068 
953 316.480011 16.080078 168.320068 
954 316.480011 16.080078 168.320068 
955 2.480011 12.400024 168.320068 
956 33.760010 28.960083 168.320068 
957 33.760010 28.960083 168.320068 
958 15.360016 10.560059 168.320068 
959 15.360016 10.560059 168.320068 
960 301.760010 1.359985 168.320068 
961 301.760010 1.359985 168.320068 
962 328.440002 3.200073 168.320068 
963 328.440002 3.200073 168.320068 
964 38.360016 23.440063 168.320068 
965 78.839996 35.400024 168.320068 
966 78.839996 35.400024 168.320068 
967 306.360016 5.040039 168.320068 
968 306.360016 5.040039 168.320068 
969 296.239990 340.200073 168.320068 
970 296.239990 340.200073 168.320068 
971 15.360016 349.400024 168.320068 
972 15.360016 349.400024 168.320068 
973 15.360016 349.400024 168.320068 
974 19.960022 28.040039 168.320068 
975 19.960022 28.040039 168.320068 
976 324.760010 6.880005 168.320068 
977 324.760010 6.880005 168.320068 
978 342.240021 335.599976 168.320068 
979 342.240021 335.599976 168.320068 
980 7.080017 28.040039 168.320068 
981 7.080017 28.040039 168.320068 
982 7.080017 28.040039 168.320068 
983 80.680023 28.960083 168.320068 
984 80.680023 28.960083 168.320068 
985 294.399994 354.920044 168.320068 
986 294.399994 354.920044 168.320068 
987 2.480011 349.400024 168.320068 
988 2.480011 349.400024 168.320068 
989 349.600006 17.000000 168.320068 
990 47.559998 25.280029 168.320068 
991 47.559998 25.280029 168.320068 
992 89.880005 23.440063 168.320068 
993 89.880005 23.440063 168.320068 
994 17.200012 10.560059 168.320068 
995 17.200012 10.560059 168.320068 
996 337.640015 347.560059 168.320068 
997 337.640015 347.560059 168.320068 
998 70.559998 6.880005 168.320068 
999 74.240021 29.880005 168.320068 
1000 74.240021 29.880005 168.320068 
